2022.01.04 22:15:54 [App] info: === Starting Node-API on http://localhost:3000:3000=== 
2022.01.04 22:21:17 [App] info: === Starting Node-API on http://localhost:3000:3000=== 
2022.01.04 22:21:44 [App] info: === Starting Node-API on http://localhost:3000:3000=== 
2022.01.04 22:28:35 [App] info: === Starting Node-API on http://localhost:3000:3000=== 
2022.01.04 22:31:36 [App] info: === Starting Node-API on http://localhost:3000:3000=== 
2022.01.04 22:33:36 [App] info: === Starting Node-API on http://localhost:3000:3000=== 
2022.01.04 22:37:19 [App] info: === Starting Node-API on http://localhost:3000:3000=== 
2022.01.04 22:40:06 [App] info: === Starting Node-API on http://localhost:3000:3000=== 
2022.01.04 22:43:13 [App] info: === Starting Node-API on http://localhost:3000:3000=== 
2022.01.04 22:43:34 [App] error: uncaughtException: listen EADDRINUSE: address already in use :::3000
Error: listen EADDRINUSE: address already in use :::3000
    at Server.setupListenHandle [as _listen2] (node:net:1334:16)
    at listenInCluster (node:net:1382:12)
    at Server.listen (node:net:1469:7)
    at Function.listen (C:\Users\dpoto\Desktop\VSCode Projects\WebTechUni\restaurant-app\nodeAPI\node_modules\express\lib\application.js:618:24)
    at Object.<anonymous> (C:\Users\dpoto\Desktop\VSCode Projects\WebTechUni\restaurant-app\nodeAPI\dist\app.js:51:5)
    at Module._compile (node:internal/modules/cjs/loader:1101:14)
    at Object.Module._extensions..js (node:internal/modules/cjs/loader:1153:10)
    at Module.load (node:internal/modules/cjs/loader:981:32)
    at Function.Module._load (node:internal/modules/cjs/loader:822:12)
    at Function.executeUserEntryPoint [as runMain] (node:internal/modules/run_main:81:12) {"error":{"code":"EADDRINUSE","errno":-4091,"syscall":"listen","address":"::","port":3000},"stack":"Error: listen EADDRINUSE: address already in use :::3000\n    at Server.setupListenHandle [as _listen2] (node:net:1334:16)\n    at listenInCluster (node:net:1382:12)\n    at Server.listen (node:net:1469:7)\n    at Function.listen (C:\\Users\\dpoto\\Desktop\\VSCode Projects\\WebTechUni\\restaurant-app\\nodeAPI\\node_modules\\express\\lib\\application.js:618:24)\n    at Object.<anonymous> (C:\\Users\\dpoto\\Desktop\\VSCode Projects\\WebTechUni\\restaurant-app\\nodeAPI\\dist\\app.js:51:5)\n    at Module._compile (node:internal/modules/cjs/loader:1101:14)\n    at Object.Module._extensions..js (node:internal/modules/cjs/loader:1153:10)\n    at Module.load (node:internal/modules/cjs/loader:981:32)\n    at Function.Module._load (node:internal/modules/cjs/loader:822:12)\n    at Function.executeUserEntryPoint [as runMain] (node:internal/modules/run_main:81:12)","exception":true,"date":"Tue Jan 04 2022 22:43:34 GMT+0100 (Mitteleuropäische Normalzeit)","process":{"pid":1628,"uid":null,"gid":null,"cwd":"C:\\Users\\dpoto\\Desktop\\VSCode Projects\\WebTechUni\\restaurant-app\\nodeAPI","execPath":"C:\\Program Files\\nodejs\\node.exe","version":"v16.13.0","argv":["C:\\Program Files\\nodejs\\node.exe","C:\\Users\\dpoto\\Desktop\\VSCode Projects\\WebTechUni\\restaurant-app\\nodeAPI\\dist\\app.js"],"memoryUsage":{"rss":63090688,"heapTotal":34177024,"heapUsed":22993464,"external":2387814,"arrayBuffers":310634}},"os":{"loadavg":[0,0,0],"uptime":2372},"trace":[{"column":16,"file":"node:net","function":"Server.setupListenHandle [as _listen2]","line":1334,"method":"setupListenHandle [as _listen2]","native":false},{"column":12,"file":"node:net","function":"listenInCluster","line":1382,"method":null,"native":false},{"column":7,"file":"node:net","function":"Server.listen","line":1469,"method":"listen","native":false},{"column":24,"file":"C:\\Users\\dpoto\\Desktop\\VSCode Projects\\WebTechUni\\restaurant-app\\nodeAPI\\node_modules\\express\\lib\\application.js","function":"Function.listen","line":618,"method":"listen","native":false},{"column":5,"file":"C:\\Users\\dpoto\\Desktop\\VSCode Projects\\WebTechUni\\restaurant-app\\nodeAPI\\dist\\app.js","function":null,"line":51,"method":null,"native":false},{"column":14,"file":"node:internal/modules/cjs/loader","function":"Module._compile","line":1101,"method":"_compile","native":false},{"column":10,"file":"node:internal/modules/cjs/loader","function":"Module._extensions..js","line":1153,"method":".js","native":false},{"column":32,"file":"node:internal/modules/cjs/loader","function":"Module.load","line":981,"method":"load","native":false},{"column":12,"file":"node:internal/modules/cjs/loader","function":"Module._load","line":822,"method":"_load","native":false},{"column":12,"file":"node:internal/modules/run_main","function":"Function.executeUserEntryPoint [as runMain]","line":81,"method":"executeUserEntryPoint [as runMain]","native":false}]}
2022.01.04 22:43:50 [App] info: === Starting Node-API on http://localhost:3000:3000=== 
2022.01.04 22:43:55 [App] error: uncaughtException: listen EADDRINUSE: address already in use :::3000
Error: listen EADDRINUSE: address already in use :::3000
    at Server.setupListenHandle [as _listen2] (node:net:1334:16)
    at listenInCluster (node:net:1382:12)
    at Server.listen (node:net:1469:7)
    at Function.listen (c:\Users\dpoto\Desktop\VSCode Projects\WebTechUni\restaurant-app\nodeAPI\node_modules\express\lib\application.js:618:24)
    at Object.<anonymous> (c:\Users\dpoto\Desktop\VSCode Projects\WebTechUni\restaurant-app\nodeAPI\dist\app.js:51:5)
    at Module._compile (node:internal/modules/cjs/loader:1101:14)
    at Object.Module._extensions..js (node:internal/modules/cjs/loader:1153:10)
    at Module.load (node:internal/modules/cjs/loader:981:32)
    at Function.Module._load (node:internal/modules/cjs/loader:822:12)
    at Function.executeUserEntryPoint [as runMain] (node:internal/modules/run_main:81:12) {"error":{"code":"EADDRINUSE","errno":-4091,"syscall":"listen","address":"::","port":3000},"stack":"Error: listen EADDRINUSE: address already in use :::3000\n    at Server.setupListenHandle [as _listen2] (node:net:1334:16)\n    at listenInCluster (node:net:1382:12)\n    at Server.listen (node:net:1469:7)\n    at Function.listen (c:\\Users\\dpoto\\Desktop\\VSCode Projects\\WebTechUni\\restaurant-app\\nodeAPI\\node_modules\\express\\lib\\application.js:618:24)\n    at Object.<anonymous> (c:\\Users\\dpoto\\Desktop\\VSCode Projects\\WebTechUni\\restaurant-app\\nodeAPI\\dist\\app.js:51:5)\n    at Module._compile (node:internal/modules/cjs/loader:1101:14)\n    at Object.Module._extensions..js (node:internal/modules/cjs/loader:1153:10)\n    at Module.load (node:internal/modules/cjs/loader:981:32)\n    at Function.Module._load (node:internal/modules/cjs/loader:822:12)\n    at Function.executeUserEntryPoint [as runMain] (node:internal/modules/run_main:81:12)","exception":true,"date":"Tue Jan 04 2022 22:43:55 GMT+0100 (Mitteleuropäische Normalzeit)","process":{"pid":24980,"uid":null,"gid":null,"cwd":"c:\\Users\\dpoto\\Desktop\\VSCode Projects\\WebTechUni\\restaurant-app\\nodeAPI","execPath":"C:\\Program Files\\nodejs\\node.exe","version":"v16.13.0","argv":["C:\\Program Files\\nodejs\\node.exe","c:\\Users\\dpoto\\Desktop\\VSCode Projects\\WebTechUni\\restaurant-app\\nodeAPI\\dist\\app.js"],"memoryUsage":{"rss":67637248,"heapTotal":37421056,"heapUsed":26433400,"external":1665784,"arrayBuffers":117765}},"os":{"loadavg":[0,0,0],"uptime":2394},"trace":[{"column":16,"file":"node:net","function":"Server.setupListenHandle [as _listen2]","line":1334,"method":"setupListenHandle [as _listen2]","native":false},{"column":12,"file":"node:net","function":"listenInCluster","line":1382,"method":null,"native":false},{"column":7,"file":"node:net","function":"Server.listen","line":1469,"method":"listen","native":false},{"column":24,"file":"c:\\Users\\dpoto\\Desktop\\VSCode Projects\\WebTechUni\\restaurant-app\\nodeAPI\\node_modules\\express\\lib\\application.js","function":"Function.listen","line":618,"method":"listen","native":false},{"column":5,"file":"c:\\Users\\dpoto\\Desktop\\VSCode Projects\\WebTechUni\\restaurant-app\\nodeAPI\\dist\\app.js","function":null,"line":51,"method":null,"native":false},{"column":14,"file":"node:internal/modules/cjs/loader","function":"Module._compile","line":1101,"method":"_compile","native":false},{"column":10,"file":"node:internal/modules/cjs/loader","function":"Module._extensions..js","line":1153,"method":".js","native":false},{"column":32,"file":"node:internal/modules/cjs/loader","function":"Module.load","line":981,"method":"load","native":false},{"column":12,"file":"node:internal/modules/cjs/loader","function":"Module._load","line":822,"method":"_load","native":false},{"column":12,"file":"node:internal/modules/run_main","function":"Function.executeUserEntryPoint [as runMain]","line":81,"method":"executeUserEntryPoint [as runMain]","native":false}]}
2022.01.04 22:53:17 [App] info: === Starting Node-API on http://localhost:3000:3000=== 
2022.01.04 22:53:49 [App] info: === Starting Node-API on http://localhost:3000:3000=== 
2022.01.06 11:42:37 [App] info: === Starting Node-API on http://localhost:3000:3000=== 
2022.01.06 11:56:38 [App] info: === Starting Node-API on http://localhost:3000:3000=== 
2022.01.06 12:24:44 [App] info: === Starting Node-API on http://localhost:3000:3000=== 
2022.01.06 12:26:31 [App] info: === Starting Node-API on http://localhost:3000:3000=== 
2022.01.06 12:27:56 [App] info: === Starting Node-API on http://localhost:3000:3000=== 
2022.01.10 16:20:05 [App] error: uncaughtException: Cannot find module 'jsonwebtoken'
Require stack:
- C:\Users\dpoto\Desktop\VSCode Projects\WebTechUni\restaurant-app\nodeAPI\dist\auth\authenticator.js
- C:\Users\dpoto\Desktop\VSCode Projects\WebTechUni\restaurant-app\nodeAPI\dist\auth\routes.js
- C:\Users\dpoto\Desktop\VSCode Projects\WebTechUni\restaurant-app\nodeAPI\dist\app.js
Error: Cannot find module 'jsonwebtoken'
Require stack:
- C:\Users\dpoto\Desktop\VSCode Projects\WebTechUni\restaurant-app\nodeAPI\dist\auth\authenticator.js
- C:\Users\dpoto\Desktop\VSCode Projects\WebTechUni\restaurant-app\nodeAPI\dist\auth\routes.js
- C:\Users\dpoto\Desktop\VSCode Projects\WebTechUni\restaurant-app\nodeAPI\dist\app.js
    at Function.Module._resolveFilename (node:internal/modules/cjs/loader:933:15)
    at Function.Module._load (node:internal/modules/cjs/loader:778:27)
    at Module.require (node:internal/modules/cjs/loader:1005:19)
    at require (node:internal/modules/cjs/helpers:102:18)
    at Object.<anonymous> (C:\Users\dpoto\Desktop\VSCode Projects\WebTechUni\restaurant-app\nodeAPI\dist\auth\authenticator.js:24:13)
    at Module._compile (node:internal/modules/cjs/loader:1101:14)
    at Object.Module._extensions..js (node:internal/modules/cjs/loader:1153:10)
    at Module.load (node:internal/modules/cjs/loader:981:32)
    at Function.Module._load (node:internal/modules/cjs/loader:822:12)
    at Module.require (node:internal/modules/cjs/loader:1005:19) {"error":{"code":"MODULE_NOT_FOUND","requireStack":["C:\\Users\\dpoto\\Desktop\\VSCode Projects\\WebTechUni\\restaurant-app\\nodeAPI\\dist\\auth\\authenticator.js","C:\\Users\\dpoto\\Desktop\\VSCode Projects\\WebTechUni\\restaurant-app\\nodeAPI\\dist\\auth\\routes.js","C:\\Users\\dpoto\\Desktop\\VSCode Projects\\WebTechUni\\restaurant-app\\nodeAPI\\dist\\app.js"]},"stack":"Error: Cannot find module 'jsonwebtoken'\nRequire stack:\n- C:\\Users\\dpoto\\Desktop\\VSCode Projects\\WebTechUni\\restaurant-app\\nodeAPI\\dist\\auth\\authenticator.js\n- C:\\Users\\dpoto\\Desktop\\VSCode Projects\\WebTechUni\\restaurant-app\\nodeAPI\\dist\\auth\\routes.js\n- C:\\Users\\dpoto\\Desktop\\VSCode Projects\\WebTechUni\\restaurant-app\\nodeAPI\\dist\\app.js\n    at Function.Module._resolveFilename (node:internal/modules/cjs/loader:933:15)\n    at Function.Module._load (node:internal/modules/cjs/loader:778:27)\n    at Module.require (node:internal/modules/cjs/loader:1005:19)\n    at require (node:internal/modules/cjs/helpers:102:18)\n    at Object.<anonymous> (C:\\Users\\dpoto\\Desktop\\VSCode Projects\\WebTechUni\\restaurant-app\\nodeAPI\\dist\\auth\\authenticator.js:24:13)\n    at Module._compile (node:internal/modules/cjs/loader:1101:14)\n    at Object.Module._extensions..js (node:internal/modules/cjs/loader:1153:10)\n    at Module.load (node:internal/modules/cjs/loader:981:32)\n    at Function.Module._load (node:internal/modules/cjs/loader:822:12)\n    at Module.require (node:internal/modules/cjs/loader:1005:19)","exception":true,"date":"Mon Jan 10 2022 16:20:05 GMT+0100 (Mitteleuropäische Normalzeit)","process":{"pid":18864,"uid":null,"gid":null,"cwd":"C:\\Users\\dpoto\\Desktop\\VSCode Projects\\WebTechUni\\restaurant-app\\nodeAPI","execPath":"C:\\Program Files\\nodejs\\node.exe","version":"v16.13.0","argv":["C:\\Program Files\\nodejs\\node.exe","C:\\Users\\dpoto\\Desktop\\VSCode Projects\\WebTechUni\\restaurant-app\\nodeAPI\\dist\\app.js"],"memoryUsage":{"rss":57921536,"heapTotal":34177024,"heapUsed":22809208,"external":2280762,"arrayBuffers":305233}},"os":{"loadavg":[0,0,0],"uptime":497759},"trace":[{"column":15,"file":"node:internal/modules/cjs/loader","function":"Module._resolveFilename","line":933,"method":"_resolveFilename","native":false},{"column":27,"file":"node:internal/modules/cjs/loader","function":"Module._load","line":778,"method":"_load","native":false},{"column":19,"file":"node:internal/modules/cjs/loader","function":"Module.require","line":1005,"method":"require","native":false},{"column":18,"file":"node:internal/modules/cjs/helpers","function":"require","line":102,"method":null,"native":false},{"column":13,"file":"C:\\Users\\dpoto\\Desktop\\VSCode Projects\\WebTechUni\\restaurant-app\\nodeAPI\\dist\\auth\\authenticator.js","function":null,"line":24,"method":null,"native":false},{"column":14,"file":"node:internal/modules/cjs/loader","function":"Module._compile","line":1101,"method":"_compile","native":false},{"column":10,"file":"node:internal/modules/cjs/loader","function":"Module._extensions..js","line":1153,"method":".js","native":false},{"column":32,"file":"node:internal/modules/cjs/loader","function":"Module.load","line":981,"method":"load","native":false},{"column":12,"file":"node:internal/modules/cjs/loader","function":"Module._load","line":822,"method":"_load","native":false},{"column":19,"file":"node:internal/modules/cjs/loader","function":"Module.require","line":1005,"method":"require","native":false}]}
